<?xml version="1.0" encoding="UTF-8"?>
<robot generator="Robot 6.0.2 (Python 3.10.4 on win32)" generated="20230513 10:37:25.548" rpa="false" schemaversion="3">
<suite id="s1" name="Verify Search functionality" source="C:\Users\SARKAR\PycharmProjects\pythonProject5\Tests\Amazon\Verify_Search_functionality.robot">
<test id="s1-t1" name="Verify basic search functionality for amazon" line="15">
<kw name="Start TestCase" library="CommonFunctionality" type="SETUP">
<kw name="Open Browser" library="SeleniumLibrary">
<arg>https://www.amazon.com</arg>
<arg>chrome</arg>
<doc>Opens a new browser instance to the optional ``url``.</doc>
<msg timestamp="20230513 10:37:25.907" level="INFO">Opening browser 'chrome' to base url 'https://www.amazon.com'.</msg>
<msg timestamp="20230513 10:37:26.032" level="INFO">Executing: C:\Users\SARKAR\AppData\Local\Programs\Python\Python310\lib\site-packages\selenium\webdriver\common\windows\selenium-manager.exe --browser chrome --output json</msg>
<status status="PASS" starttime="20230513 10:37:25.891" endtime="20230513 10:37:47.363"/>
</kw>
<kw name="Maximize Browser Window" library="SeleniumLibrary">
<doc>Maximizes current browser window.</doc>
<status status="PASS" starttime="20230513 10:37:47.364" endtime="20230513 10:37:49.281"/>
</kw>
<status status="PASS" starttime="20230513 10:37:25.891" endtime="20230513 10:37:49.281"/>
</kw>
<kw name="HeaderPage.Input Search Text and Click Search">
<msg timestamp="20230513 10:37:49.289" level="FAIL">No keyword with name 'HeaderPage.Input Search Text and Click Search' found.</msg>
<status status="FAIL" starttime="20230513 10:37:49.289" endtime="20230513 10:37:49.290"/>
</kw>
<kw name="Verify Search Results" library="SearchResultsPage">
<status status="NOT RUN" starttime="20230513 10:37:49.295" endtime="20230513 10:37:49.295"/>
</kw>
<kw name="Sort results by condition" library="amazon_UserDefinedKeywords">
<status status="NOT RUN" starttime="20230513 10:37:49.297" endtime="20230513 10:37:49.298"/>
</kw>
<kw name="Verify filter results" library="amazon_UserDefinedKeywords">
<status status="NOT RUN" starttime="20230513 10:37:49.298" endtime="20230513 10:37:49.298"/>
</kw>
<kw name="Finish TestCase" library="CommonFunctionality" type="TEARDOWN">
<kw name="Close Browser" library="SeleniumLibrary">
<doc>Closes the current browser.</doc>
<status status="PASS" starttime="20230513 10:37:49.299" endtime="20230513 10:37:53.378"/>
</kw>
<status status="PASS" starttime="20230513 10:37:49.299" endtime="20230513 10:37:53.378"/>
</kw>
<doc>This test case verfies the basic search</doc>
<tag>Functional</tag>
<status status="FAIL" starttime="20230513 10:37:25.891" endtime="20230513 10:37:53.378">No keyword with name 'HeaderPage.Input Search Text and Click Search' found.</status>
</test>
<test id="s1-t2" name="Verify climate pledge friendly checked" line="24">
<kw name="Start TestCase" library="CommonFunctionality" type="SETUP">
<kw name="Open Browser" library="SeleniumLibrary">
<arg>https://www.amazon.com</arg>
<arg>chrome</arg>
<doc>Opens a new browser instance to the optional ``url``.</doc>
<msg timestamp="20230513 10:37:53.394" level="INFO">Opening browser 'chrome' to base url 'https://www.amazon.com'.</msg>
<msg timestamp="20230513 10:37:53.409" level="INFO">Executing: C:\Users\SARKAR\AppData\Local\Programs\Python\Python310\lib\site-packages\selenium\webdriver\common\windows\selenium-manager.exe --browser chrome --output json</msg>
<status status="PASS" starttime="20230513 10:37:53.394" endtime="20230513 10:38:11.090"/>
</kw>
<kw name="Maximize Browser Window" library="SeleniumLibrary">
<doc>Maximizes current browser window.</doc>
<status status="PASS" starttime="20230513 10:38:11.091" endtime="20230513 10:38:11.288"/>
</kw>
<status status="PASS" starttime="20230513 10:37:53.394" endtime="20230513 10:38:11.288"/>
</kw>
<kw name="HeaderPage.Click on Climate Pledge Friendly">
<msg timestamp="20230513 10:38:11.295" level="FAIL">No keyword with name 'HeaderPage.Click on Climate Pledge Friendly' found.</msg>
<status status="FAIL" starttime="20230513 10:38:11.295" endtime="20230513 10:38:11.295"/>
</kw>
<kw name="Finish TestCase" library="CommonFunctionality" type="TEARDOWN">
<kw name="Close Browser" library="SeleniumLibrary">
<doc>Closes the current browser.</doc>
<status status="PASS" starttime="20230513 10:38:11.296" endtime="20230513 10:38:14.242"/>
</kw>
<status status="PASS" starttime="20230513 10:38:11.296" endtime="20230513 10:38:14.242"/>
</kw>
<doc>This test case verfies the checkbox function</doc>
<tag>Functional</tag>
<status status="FAIL" starttime="20230513 10:37:53.394" endtime="20230513 10:38:14.242">No keyword with name 'HeaderPage.Click on Climate Pledge Friendly' found.</status>
</test>
<doc>Basic Search Functionality</doc>
<status status="FAIL" starttime="20230513 10:37:25.548" endtime="20230513 10:38:14.242"/>
</suite>
<statistics>
<total>
<stat pass="0" fail="2" skip="0">All Tests</stat>
</total>
<tag>
<stat pass="0" fail="2" skip="0">Functional</stat>
</tag>
<suite>
<stat pass="0" fail="2" skip="0" id="s1" name="Verify Search functionality">Verify Search functionality</stat>
</suite>
</statistics>
<errors>
<msg timestamp="20230513 10:37:25.891" level="ERROR">Error in file 'C:\Users\SARKAR\PycharmProjects\pythonProject5\Tests\Amazon\Verify_Search_functionality.robot' on line 5: Error in file 'C:\Users\SARKAR\PycharmProjects\pythonProject5\Resources\PageObjects\HeaderPage.robot' on line 8: Resource file with 'Test Cases' section is invalid.</msg>
</errors>
</robot>
